c:\devc++\day02\for_ex\debug\vc142.pdb
c:\devc++\day02\for_ex\debug\vc142.idb
c:\devc++\day02\for_ex\debug\for2.obj
c:\devc++\day02\for_ex\debug\for1.obj
c:\devc++\day02\debug\for_ex.pdb
c:\devc++\day02\for_ex\debug\for_ex.tlog\cl.command.1.tlog
c:\devc++\day02\for_ex\debug\for_ex.tlog\cl.read.1.tlog
c:\devc++\day02\for_ex\debug\for_ex.tlog\cl.write.1.tlog
c:\devc++\day02\for_ex\debug\for_ex.tlog\link-cvtres.read.1.tlog
c:\devc++\day02\for_ex\debug\for_ex.tlog\link-cvtres.write.1.tlog
c:\devc++\day02\for_ex\debug\for_ex.tlog\link-rc.read.1.tlog
c:\devc++\day02\for_ex\debug\for_ex.tlog\link-rc.write.1.tlog
c:\devc++\day02\for_ex\debug\for_ex.tlog\link.7944-cvtres.read.1.tlog
c:\devc++\day02\for_ex\debug\for_ex.tlog\link.7944-cvtres.write.1.tlog
c:\devc++\day02\for_ex\debug\for_ex.tlog\link.7944-rc.read.1.tlog
c:\devc++\day02\for_ex\debug\for_ex.tlog\link.7944-rc.write.1.tlog
c:\devc++\day02\for_ex\debug\for_ex.tlog\link.7944.read.1.tlog
c:\devc++\day02\for_ex\debug\for_ex.tlog\link.7944.write.1.tlog
c:\devc++\day02\for_ex\debug\for_ex.tlog\link.command.1.tlog
c:\devc++\day02\for_ex\debug\for_ex.tlog\link.read.1.tlog
c:\devc++\day02\for_ex\debug\for_ex.tlog\link.write.1.tlog
