c:\devc++\day01\day01\debug\vc142.pdb
c:\devc++\day01\day01\debug\vc142.idb
c:\devc++\day01\day01\debug\var.obj
c:\devc++\day01\day01\debug\string_type.obj
c:\devc++\day01\day01\debug\speed_convert.obj
c:\devc++\day01\day01\debug\sizeof_type.obj
c:\devc++\day01\day01\debug\myinfo.obj
c:\devc++\day01\day01\debug\constant.obj
c:\devc++\day01\day01\debug\cin_ex1.obj
c:\devc++\day01\day01\debug\char_type.obj
c:\devc++\day01\day01\debug\bool_type2.obj
c:\devc++\day01\day01\debug\bool_type.obj
c:\devc++\day01\debug\day01.exe
c:\devc++\day01\day01\debug\day01.ilk
c:\devc++\day01\debug\day01.pdb
c:\devc++\day01\day01\debug\day01.tlog\cl.command.1.tlog
c:\devc++\day01\day01\debug\day01.tlog\cl.read.1.tlog
c:\devc++\day01\day01\debug\day01.tlog\cl.write.1.tlog
c:\devc++\day01\day01\debug\day01.tlog\link.command.1.tlog
c:\devc++\day01\day01\debug\day01.tlog\link.read.1.tlog
c:\devc++\day01\day01\debug\day01.tlog\link.write.1.tlog
